0 info it worked if it ends with ok
1 verbose cli [ '/Users/masashi/.nvm/versions/node/v5.4.1/bin/node',
1 verbose cli   '/Users/masashi/.nvm/versions/node/v5.4.1/bin/npm',
1 verbose cli   'run',
1 verbose cli   'build' ]
2 info using npm@3.3.12
3 info using node@v5.4.1
4 verbose run-script [ 'prebuild', 'build', 'postbuild' ]
5 info lifecycle @ionic-native/google-maps@4.6.0~prebuild: @ionic-native/google-maps@4.6.0
6 silly lifecycle @ionic-native/google-maps@4.6.0~prebuild: no script for prebuild, continuing
7 info lifecycle @ionic-native/google-maps@4.6.0~build: @ionic-native/google-maps@4.6.0
8 verbose lifecycle @ionic-native/google-maps@4.6.0~build: unsafe-perm in lifecycle true
9 verbose lifecycle @ionic-native/google-maps@4.6.0~build: PATH: /Users/masashi/.nvm/versions/node/v5.4.1/lib/node_modules/npm/bin/node-gyp-bin:/Users/masashi/Documents/workspace2/ionic-native-google-maps/node_modules/.bin:/Users/masashi/google-cloud-sdk/bin:/Users/masashi/.nvm/versions/node/v5.4.1/bin:/opt/local/bin:/opt/local/sbin:/Users/masashi/.yarn/bin:/usr/local/bin:/usr/bin:/bin:/usr/sbin:/sbin:/opt/X11/bin:/android-sdk/platform-tools:/android-sdk/build-tools:/android-sdk/tools:/opt/minicom/2.2/bin:/usr/local/mysql/bin/:/android-sdk/platform-tools:/android-sdk/tools:/Users/masashi/bin:/android-sdk/ndk-bundle:/android-sdk/ndk-bundle/toolchains:/infer-osx-v0.1.0/infer/infer/bin
10 verbose lifecycle @ionic-native/google-maps@4.6.0~build: CWD: /Users/masashi/Documents/workspace2/ionic-native-google-maps
11 silly lifecycle @ionic-native/google-maps@4.6.0~build: Args: [ '-c',
11 silly lifecycle   'npm run clean && npm run lint && npm run build:core && npm run build:modules' ]
12 silly lifecycle @ionic-native/google-maps@4.6.0~build: Returned: code: 1  signal: null
13 info lifecycle @ionic-native/google-maps@4.6.0~build: Failed to exec build script
14 verbose stack Error: @ionic-native/google-maps@4.6.0 build: `npm run clean && npm run lint && npm run build:core && npm run build:modules`
14 verbose stack Exit status 1
14 verbose stack     at EventEmitter.<anonymous> (/Users/masashi/.nvm/versions/node/v5.4.1/lib/node_modules/npm/lib/utils/lifecycle.js:232:16)
14 verbose stack     at emitTwo (events.js:87:13)
14 verbose stack     at EventEmitter.emit (events.js:172:7)
14 verbose stack     at ChildProcess.<anonymous> (/Users/masashi/.nvm/versions/node/v5.4.1/lib/node_modules/npm/lib/utils/spawn.js:24:14)
14 verbose stack     at emitTwo (events.js:87:13)
14 verbose stack     at ChildProcess.emit (events.js:172:7)
14 verbose stack     at maybeClose (internal/child_process.js:821:16)
14 verbose stack     at Process.ChildProcess._handle.onexit (internal/child_process.js:211:5)
15 verbose pkgid @ionic-native/google-maps@4.6.0
16 verbose cwd /Users/masashi/Documents/workspace2/ionic-native-google-maps
17 error Darwin 17.4.0
18 error argv "/Users/masashi/.nvm/versions/node/v5.4.1/bin/node" "/Users/masashi/.nvm/versions/node/v5.4.1/bin/npm" "run" "build"
19 error node v5.4.1
20 error npm  v3.3.12
21 error code ELIFECYCLE
22 error @ionic-native/google-maps@4.6.0 build: `npm run clean && npm run lint && npm run build:core && npm run build:modules`
22 error Exit status 1
23 error Failed at the @ionic-native/google-maps@4.6.0 build script 'npm run clean && npm run lint && npm run build:core && npm run build:modules'.
23 error Make sure you have the latest version of node.js and npm installed.
23 error If you do, this is most likely a problem with the @ionic-native/google-maps package,
23 error not with npm itself.
23 error Tell the author that this fails on your system:
23 error     npm run clean && npm run lint && npm run build:core && npm run build:modules
23 error You can get their info via:
23 error     npm owner ls @ionic-native/google-maps
23 error There is likely additional logging output above.
24 verbose exit [ 1, true ]
